DEBUG tests/list_algos_tests.c:90: ----- RUNNING: ./tests/list_algos_tests
DEBUG tests/list_algos_tests.c:84: 
----- test_bubble_sort
DEBUG tests/list_algos_tests.c:85: 
----- test_merge_sort
DEBUG tests/list_algos_tests.c:28: XXXX 1234
[ERROR] (tests/list_algos_tests.c:69: errno: None) Words are not sorted after merge sort.
DEBUG tests/list_algos_tests.c:90: ----- RUNNING: ./tests/list_algos_tests
DEBUG tests/list_algos_tests.c:84: 
----- test_bubble_sort
DEBUG tests/list_algos_tests.c:85: 
----- test_merge_sort
DEBUG tests/list_algos_tests.c:28: XXXX 1234
[ERROR] (tests/list_algos_tests.c:69: errno: None) Words are not sorted after merge sort.
